#
# There is insufficient memory for the Java Runtime Environment to continue.
# Native memory allocation (mmap) failed to map 264241152 bytes for G1 virtual space
# Possible reasons:
#   The system is out of physical RAM or swap space
#   The process is running with CompressedOops enabled, and the Java Heap may be blocking the growth of the native heap
# Possible solutions:
#   Reduce memory load on the system
#   Increase physical memory or swap space
#   Check if swap backing store is full
#   Decrease Java heap size (-Xmx/-Xms)
#   Decrease number of Java threads
#   Decrease Java thread stack sizes (-Xss)
#   Set larger code cache with -XX:ReservedCodeCacheSize=
#   JVM is running with Zero Based Compressed Oops mode in which the Java heap is
#     placed in the first 32GB address space. The Java Heap base address is the
#     maximum limit for the native heap growth. Please use -XX:HeapBaseMinAddress
#     to set the Java Heap base and to place the Java Heap above 32GB virtual address.
# This output file may be truncated or incomplete.
#
#  Out of Memory Error (os_windows.cpp:3771), pid=28272, tid=27284
#
# JRE version:  (17.0.7) (build )
# Java VM: OpenJDK 64-Bit Server VM (17.0.7+0-b2043.56-10550314, mixed mode, sharing, tiered, compressed oops, compressed class ptrs, g1 gc, windows-amd64)
# No core dump will be written. Minidumps are not enabled by default on client versions of Windows
#

---------------  S U M M A R Y ------------

Command Line: 

Host: 11th Gen Intel(R) Core(TM) i3-1115G4 @ 3.00GHz, 4 cores, 15G,  Windows 11 , 64 bit Build 22621 (10.0.22621.3958)
Time: Mon Sep  9 22:27:03 2024 SE Asia Standard Time elapsed time: 0.108782 seconds (0d 0h 0m 0s)

---------------  T H R E A D  ---------------

Current thread (0x000001c8ad790590):  JavaThread "Unknown thread" [_thread_in_vm, id=27284, stack(0x0000009c08800000,0x0000009c08900000)]

Stack: [0x0000009c08800000,0x0000009c08900000]
Native frames: (J=compiled Java code, j=interpreted, Vv=VM code, C=native code)
V  [jvm.dll+0x683bfa]
V  [jvm.dll+0x8430a4]
V  [jvm.dll+0x8449be]
V  [jvm.dll+0x845023]
V  [jvm.dll+0x24ad2f]
V  [jvm.dll+0x680ac9]
V  [jvm.dll+0x67519a]
V  [jvm.dll+0x30b3cb]
V  [jvm.dll+0x312876]
V  [jvm.dll+0x36221e]
V  [jvm.dll+0x36244f]
V  [jvm.dll+0x2e14a8]
V  [jvm.dll+0x2e2414]
V  [jvm.dll+0x814391]
V  [jvm.dll+0x36ffe1]
V  [jvm.dll+0x7f396c]
V  [jvm.dll+0x3f305f]
V  [jvm.dll+0x3f4b91]
C  [jli.dll+0x528f]
C  [ucrtbase.dll+0x29333]
C  [KERNEL32.DLL+0x1257d]
C  [ntdll.dll+0x5af28]


---------------  P R O C E S S  ---------------

Threads class SMR info:
_java_thread_list=0x00007fffaac5d098, length=0, elements={
}

Java Threads: ( => current thread )

Other Threads:
  0x000001c8ad7fa5e0 GCTaskThread "GC Thread#0" [stack: 0x0000009c08a00000,0x0000009c08b00000] [id=25252]
  0x000001c8ad80afa0 ConcurrentGCThread "G1 Main Marker" [stack: 0x0000009c08b00000,0x0000009c08c00000] [id=22276]
  0x000001c8ad80b9b0 ConcurrentGCThread "G1 Conc#0" [stack: 0x0000009c08c00000,0x0000009c08d00000] [id=20868]

[error occurred during error reporting (printing all threads), id 0xc0000005, EXCEPTION_ACCESS_VIOLATION (0xc0000005) at pc=0x00007fffaa412087]

VM state: not at safepoint (not fully initialized)

VM Mutex/Monitor currently owned by a thread:  ([mutex/lock_event])
[0x000001c8ad78aec0] Heap_lock - owner thread: 0x000001c8ad790590

Heap address: 0x0000000705800000, size: 4008 MB, Compressed Oops mode: Zero based, Oop shift amount: 3

CDS archive(s) mapped at: [0x0000000000000000-0x0000000000000000-0x0000000000000000), size 0, SharedBaseAddress: 0x0000000800000000, ArchiveRelocationMode: 0.
Narrow klass base: 0x0000000000000000, Narrow klass shift: 0, Narrow klass range: 0x0

GC Precious Log:
<Empty>

Heap:
 garbage-first heap   total 0K, used 0K [0x0000000705800000, 0x0000000800000000)
  region size 2048K, 0 young (0K), 0 survivors (0K)
 Metaspace       used 0K, committed 0K, reserved 0K
  class space    used 0K, committed 0K, reserved 0K

Heap Regions: E=young(eden), S=young(survivor), O=old, HS=humongous(starts), HC=humongous(continues), CS=collection set, F=free, OA=open archive, CA=closed archive, TAMS=top-at-mark-start (previous, next)

Card table byte_map: [0x000001c8c0440000,0x000001c8c0c20000] _byte_map_base: 0x000001c8bcc14000

Marking Bits (Prev, Next): (CMBitMap*) 0x000001c8ad7fabf0, (CMBitMap*) 0x000001c8ad7fac30
 Prev Bits: [0x000001c8c1400000, 0x000001c8c52a0000)
 Next Bits: [0x000001c8c52a0000, 0x000001c8c9140000)

GC Heap History (0 events):
No events

Dll operation events (1 events):
Event: 0.016 Loaded shared library C:\Program Files\Android\Android Studio\jbr\bin\java.dll

Deoptimization events (0 events):
No events

Classes unloaded (0 events):
No events

Classes redefined (0 events):
No events

Internal exceptions (0 events):
No events

VM Operations (0 events):
No events

Events (0 events):
No events


Dynamic libraries:
0x00007ff70b930000 - 0x00007ff70b93a000 	C:\Program Files\Android\Android Studio\jbr\bin\java.EXE
0x00007ff87c510000 - 0x00007ff87c727000 	C:\WINDOWS\SYSTEM32\ntdll.dll
0x00007ff87b000000 - 0x00007ff87b0c4000 	C:\WINDOWS\System32\KERNEL32.DLL
0x00007ff879830000 - 0x00007ff879bdd000 	C:\WINDOWS\System32\KERNELBASE.dll
0x00007ff879be0000 - 0x00007ff879cf1000 	C:\WINDOWS\System32\ucrtbase.dll
0x00007ff856a70000 - 0x00007ff856a87000 	C:\Program Files\Android\Android Studio\jbr\bin\jli.dll
0x00007ff87abe0000 - 0x00007ff87ad8e000 	C:\WINDOWS\System32\USER32.dll
0x00007ff879d70000 - 0x00007ff879d96000 	C:\WINDOWS\System32\win32u.dll
0x00007ff87a240000 - 0x00007ff87a269000 	C:\WINDOWS\System32\GDI32.dll
0x00007ff87a080000 - 0x00007ff87a199000 	C:\WINDOWS\System32\gdi32full.dll
0x00007ff87a1a0000 - 0x00007ff87a23a000 	C:\WINDOWS\System32\msvcp_win.dll
0x00007ff856a50000 - 0x00007ff856a6b000 	C:\Program Files\Android\Android Studio\jbr\bin\VCRUNTIME140.dll
0x00007ff85ad20000 - 0x00007ff85afb3000 	C:\WINDOWS\WinSxS\amd64_microsoft.windows.common-controls_6595b64144ccf1df_6.0.22621.3672_none_2713b9d173822955\COMCTL32.dll
0x00007ff87a830000 - 0x00007ff87a8d7000 	C:\WINDOWS\System32\msvcrt.dll
0x00007ff87b850000 - 0x00007ff87b881000 	C:\WINDOWS\System32\IMM32.DLL
0x00007ff83c830000 - 0x00007ff83c83c000 	C:\Program Files\Android\Android Studio\jbr\bin\vcruntime140_1.dll
0x00007ff839060000 - 0x00007ff8390ed000 	C:\Program Files\Android\Android Studio\jbr\bin\msvcp140.dll
0x00007fffaa120000 - 0x00007fffaada0000 	C:\Program Files\Android\Android Studio\jbr\bin\server\jvm.dll
0x00007ff87b8a0000 - 0x00007ff87b952000 	C:\WINDOWS\System32\ADVAPI32.dll
0x00007ff87a6f0000 - 0x00007ff87a799000 	C:\WINDOWS\System32\sechost.dll
0x00007ff879da0000 - 0x00007ff879dc8000 	C:\WINDOWS\System32\bcrypt.dll
0x00007ff87b470000 - 0x00007ff87b584000 	C:\WINDOWS\System32\RPCRT4.dll
0x00007ff82df00000 - 0x00007ff82df09000 	C:\WINDOWS\SYSTEM32\WSOCK32.dll
0x00007ff87b590000 - 0x00007ff87b601000 	C:\WINDOWS\System32\WS2_32.dll
0x00007ff86da00000 - 0x00007ff86da34000 	C:\WINDOWS\SYSTEM32\WINMM.dll
0x00007ff86c720000 - 0x00007ff86c72a000 	C:\WINDOWS\SYSTEM32\VERSION.dll
0x00007ff878860000 - 0x00007ff878878000 	C:\WINDOWS\SYSTEM32\kernel.appcore.dll
0x00007ff83c820000 - 0x00007ff83c82a000 	C:\Program Files\Android\Android Studio\jbr\bin\jimage.dll
0x00007ff8768b0000 - 0x00007ff876ae2000 	C:\WINDOWS\SYSTEM32\DBGHELP.DLL
0x00007ff87b0d0000 - 0x00007ff87b45d000 	C:\WINDOWS\System32\combase.dll
0x00007ff87a8f0000 - 0x00007ff87a9c7000 	C:\WINDOWS\System32\OLEAUT32.dll
0x00007ff851690000 - 0x00007ff8516c2000 	C:\WINDOWS\SYSTEM32\dbgcore.DLL
0x00007ff879e90000 - 0x00007ff879f0b000 	C:\WINDOWS\System32\bcryptPrimitives.dll
0x00007ff83c7f0000 - 0x00007ff83c815000 	C:\Program Files\Android\Android Studio\jbr\bin\java.dll

dbghelp: loaded successfully - version: 4.0.5 - missing functions: none
symbol engine: initialized successfully - sym options: 0x614 - pdb path: .;C:\Program Files\Android\Android Studio\jbr\bin;C:\WINDOWS\SYSTEM32;C:\WINDOWS\WinSxS\amd64_microsoft.windows.common-controls_6595b64144ccf1df_6.0.22621.3672_none_2713b9d173822955;C:\Program Files\Android\Android Studio\jbr\bin\server

VM Arguments:
java_command: <unknown>
java_class_path (initial): <not set>
Launcher Type: SUN_STANDARD

[Global flags]
     intx CICompilerCount                          = 3                                         {product} {ergonomic}
     uint ConcGCThreads                            = 1                                         {product} {ergonomic}
     uint G1ConcRefinementThreads                  = 4                                         {product} {ergonomic}
   size_t G1HeapRegionSize                         = 2097152                                   {product} {ergonomic}
    uintx GCDrainStackTargetSize                   = 64                                        {product} {ergonomic}
   size_t InitialHeapSize                          = 264241152                                 {product} {ergonomic}
   size_t MarkStackSize                            = 4194304                                   {product} {ergonomic}
   size_t MaxHeapSize                              = 4202692608                                {product} {ergonomic}
   size_t MinHeapDeltaBytes                        = 2097152                                   {product} {ergonomic}
   size_t MinHeapSize                              = 8388608                                   {product} {ergonomic}
    uintx NonNMethodCodeHeapSize                   = 5832780                                {pd product} {ergonomic}
    uintx NonProfiledCodeHeapSize                  = 122912730                              {pd product} {ergonomic}
    uintx ProfiledCodeHeapSize                     = 122912730                              {pd product} {ergonomic}
    uintx ReservedCodeCacheSize                    = 251658240                              {pd product} {ergonomic}
     bool SegmentedCodeCache                       = true                                      {product} {ergonomic}
   size_t SoftMaxHeapSize                          = 4202692608                             {manageable} {ergonomic}
     bool UseCompressedClassPointers               = true                           {product lp64_product} {ergonomic}
     bool UseCompressedOops                        = true                           {product lp64_product} {ergonomic}
     bool UseG1GC                                  = true                                      {product} {ergonomic}
     bool UseLargePagesIndividualAllocation        = false                                  {pd product} {ergonomic}

Logging:
Log output configuration:
 #0: stdout all=warning uptime,level,tags
 #1: stderr all=off uptime,level,tags

Environment Variables:
JAVA_HOME=C:\Program Files\Android\Android Studio\jbr
PATH=C:\Program Files\Android\Android Studio\jbr\bin;C:\Program Files\Common Files\Oracle\Java\javapath;C:\Program Files (x86)\VMware\VMware Workstation\bin\;C:\Program Files\java\jdk-21\bin;C:\windows\system32;C:\windows;C:\windows\System32\Wbem;C:\windows\System32\WindowsPowerShell\v1.0\;C:\windows\System32\OpenSSH\;C:\Program Files\Microsoft SQL Server\Client SDK\ODBC\170\Tools\Binn\;C:\Program Files (x86)\Microsoft SQL Server\150\Tools\Binn\;C:\Program Files\Microsoft SQL Server\150\Tools\Binn\;C:\Program Files\Microsoft SQL Server\150\DTS\Binn\;C:\Program Files (x86)\Microsoft SQL Server\150\DTS\Binn\;C:\WINDOWS\system32;C:\WINDOWS;C:\WINDOWS\System32\Wbem;C:\WINDOWS\System32\WindowsPowerShell\v1.0\;C:\WINDOWS\System32\OpenSSH\;C:\Program Files\Git\cmd;C:\Program Files\nodejs\;c:\Users\HP\AppData\Local\Programs\cursor\resources\app\bin;C:\Users\HP\AppData\Local\Microsoft\WindowsApps;C:\Program Files\JetBrains\PyCharm Community Edition 2022.2.2\bin;C:\Program Files\Azure Data Studio\bin;C:\Users\HP\AppData\Local\Programs\Microsoft VS Code\bin;C:\Users\HP\AppData\Local\GitHubDesktop\bin;C:\mingw64\bin;C:\Program Files\nodejs;C:\flutter\bin;C:\flutter\bin;C:\Users\HP\AppData\Roaming\npm
USERNAME=HP
OS=Windows_NT
PROCESSOR_IDENTIFIER=Intel64 Family 6 Model 140 Stepping 1, GenuineIntel
TMP=C:\Users\HP\AppData\Local\Temp
TEMP=C:\Users\HP\AppData\Local\Temp


JNI global refs:
JNI global refs: 0, weak refs: 0

JNI global refs memory usage: 0, weak refs: 0

OOME stack traces (most recent first):
Classloader memory used:


---------------  S Y S T E M  ---------------

OS:
 Windows 11 , 64 bit Build 22621 (10.0.22621.3958)
OS uptime: 0 days 4:52 hours

CPU: total 4 (initial active 4) (2 cores per cpu, 2 threads per core) family 6 model 140 stepping 1 microcode 0xb4, cx8, cmov, fxsr, ht, mmx, 3dnowpref, sse, sse2, sse3, ssse3, sse4.1, sse4.2, popcnt, lzcnt, tsc, tscinvbit, avx, avx2, aes, erms, clmul, bmi1, bmi2, adx, avx512f, avx512dq, avx512cd, avx512bw, avx512vl, sha, fma, vzeroupper, avx512_vpopcntdq, avx512_vpclmulqdq, avx512_vaes, avx512_vnni, clflush, clflushopt, clwb, avx512_vbmi2, avx512_vbmi

Memory: 4k page, system-wide physical 16026M (295M free)
TotalPageFile size 30636M (AvailPageFile size 234M)
current process WorkingSet (physical memory assigned to process): 11M, peak: 11M
current process commit charge ("private bytes"): 52M, peak: 303M

vm_info: OpenJDK 64-Bit Server VM (17.0.7+0-b2043.56-10550314) for windows-amd64 JRE (17.0.7+0-b2043.56-10550314), built on Jul 24 2023 18:27:45 by "androidbuild" with MS VC++ 16.10 / 16.11 (VS2019)

END.
